[09/15/2022 15:19:34] Debug: Session id: ce57b643-7a7e-4a65-a9a7-568f17afe0ab
[09/15/2022 15:19:34] Debug: Code Processor information: Name :SnowConvert, Version: 9.0.37.0
[09/15/2022 15:19:34] Debug: Getting license
[09/15/2022 15:19:34] Debug: License information
	Status: Failed
	Message: No active license available.
[09/15/2022 15:19:34] Info: Starting to validate parameters
[09/15/2022 15:19:34] Info: Parameters to validate: 
	Execution mode: Conversion
	LICENSE_KEY: a3372138-b87e-4a08-b929-3b48b24c63f1
[09/15/2022 15:19:34] Info: Validation of parameters: Success
[09/15/2022 15:19:34] Debug: Getting code descriptor
[09/15/2022 15:19:34] Debug: Code descriptor information
	Units: 51
	Units type: LOC
	All file bytes: 2141
	All found extensions: .sql,.dml,.ddl,.bteq,.btq,.fl,.fload,.ml,.mload,.mld,.tp,.tpump,.tpt
[09/15/2022 15:19:34] Debug: Calculating fingerprint
[09/15/2022 15:19:34] Debug: Fingerprint information Fingerprint(size=2141,projects=1)
[09/15/2022 15:19:34] Info: Starting to try to validate online license for execution
[09/15/2022 15:19:36] Debug: Getting license
[09/15/2022 15:19:36] Debug: License information
	Status: Failed
	Message: No active license available.
[09/15/2022 15:19:36] Debug: Starting the execution of the controller
[09/15/2022 15:19:37] Debug: Executing the worker: SnowConvert
[09/15/2022 15:19:47] Debug: Finished executing the worker: SnowConvert
[09/15/2022 15:19:49] Info: Controller execution ended
